dm/app/build/intermediates/manifest_merge_blame_file/debug/manifest-merger-blame-debug-report.txt
1<?xml version="1.0" encoding="utf-8"?>
2<manifest xmlns:android="http://schemas.android.com/apk/res/android"
3    package="com.idevel.dongmyung"
4    android:versionCode="2"
5    android:versionName="1.1.0" > <!-- 필수권한 -->
6    <!-- <uses-permission android:name="android.permission.READ_PHONE_STATE" /> -->
7    <!-- &lt;!&ndash;  <uses-permission android:name="android.permission.READ_CONTACTS" />&lt;!&ndash;  contacts 관리 &ndash;&gt;&ndash;&gt; -->
8    <!-- &lt;!&ndash;  <uses-permission android:name="android.permission.WRITE_CONTACTS" />&ndash;&gt; -->
9    <!-- <uses-permission android:name="android.permission.GET_ACCOUNTS" /> -->
10    <!-- <uses-permission android:name="android.permission.ACCESS_FINE_LOCATION" />&lt;!&ndash;  현재 기기 위치 &ndash;&gt; -->
11    <!-- <uses-permission android:name="android.permission.ACCESS_COARSE_LOCATION" /> -->
12    <!-- <uses-permission android:name="android.permission.CAMERA" />&lt;!&ndash;사진 찍기, 비디오 녹화 &ndash;&gt; -->
13    <!-- <uses-permission android:name="android.permission.READ_EXTERNAL_STORAGE" />&lt;!&ndash;  사진, 미디어 파일 접근&ndash;&gt; -->
14    <!-- <uses-permission android:name="android.permission.WRITE_EXTERNAL_STORAGE" /> -->
15    <!-- <uses-permission android:name="android.permission.ACCESS_WIFI_STATE" /> -->
16    <!-- <uses-permission android:name="com.android.vending.BILLING" /> -->
17    <uses-sdk
18        android:minSdkVersion="19"
18-->src/main/AndroidManifest.xml
19        android:targetSdkVersion="29" />
19-->src/main/AndroidManifest.xml
20
21    <uses-permission android:name="android.permission.INTERNET" />
21-->src/main/AndroidManifest.xml:112:3-65
21-->src/main/AndroidManifest.xml:112:20-62
22    <uses-permission android:name="android.permission.RECEIVE_BOOT_COMPLETED" />
22-->src/main/AndroidManifest.xml:113:3-79
22-->src/main/AndroidManifest.xml:113:20-76
23    <uses-permission android:name="android.permission.ACCESS_NETWORK_STATE" />
23-->src/main/AndroidManifest.xml:114:3-77
23-->src/main/AndroidManifest.xml:114:20-74
24    <uses-permission android:name="android.permission.WAKE_LOCK" />
24-->src/main/AndroidManifest.xml:115:3-66
24-->src/main/AndroidManifest.xml:115:20-63
25    <uses-permission android:name="android.permission.VIBRATE" />
25-->src/main/AndroidManifest.xml:116:3-64
25-->src/main/AndroidManifest.xml:116:20-61
26    <uses-permission android:name="com.google.android.finsky.permission.BIND_GET_INSTALL_REFERRER_SERVICE" /> <!-- Required by older versions of Google Play services to create IID tokens -->
26-->[com.google.firebase:firebase-analytics-impl:15.0.0] AndroidManifest.xml:26:5-110
26-->[com.google.firebase:firebase-analytics-impl:15.0.0] AndroidManifest.xml:26:22-107
27    <uses-permission android:name="com.google.android.c2dm.permission.RECEIVE" />
27-->[com.google.firebase:firebase-iid:15.0.0] AndroidManifest.xml:26:5-82
27-->[com.google.firebase:firebase-iid:15.0.0] AndroidManifest.xml:26:22-79
28
29    <permission
29-->[com.google.firebase:firebase-iid:15.0.0] AndroidManifest.xml:28:5-30:47
30        android:name="com.idevel.dongmyung.permission.C2D_MESSAGE"
30-->[com.google.firebase:firebase-iid:15.0.0] AndroidManifest.xml:29:9-63
31        android:protectionLevel="signature" />
31-->[com.google.firebase:firebase-iid:15.0.0] AndroidManifest.xml:30:9-44
32
33    <uses-permission android:name="com.idevel.dongmyung.permission.C2D_MESSAGE" />
33-->[com.google.firebase:firebase-iid:15.0.0] AndroidManifest.xml:32:5-79
33-->[com.google.firebase:firebase-iid:15.0.0] AndroidManifest.xml:32:22-76
34
35    <application
35-->src/main/AndroidManifest.xml:5:3-110:17
36        android:name="com.idevel.dongmyung.MyApplication"
36-->src/main/AndroidManifest.xml:6:7-56
37        android:allowBackup="false"
37-->src/main/AndroidManifest.xml:7:7-34
38        android:appComponentFactory="androidx.core.app.CoreComponentFactory"
38-->[androidx.core:core:1.0.1] AndroidManifest.xml:22:18-86
39        android:debuggable="true"
40        android:hardwareAccelerated="true"
40-->src/main/AndroidManifest.xml:8:7-41
41        android:icon="@mipmap/app_icon4"
41-->src/main/AndroidManifest.xml:9:7-39
42        android:label="@string/app_name"
42-->src/main/AndroidManifest.xml:10:7-39
43        android:largeHeap="true"
43-->src/main/AndroidManifest.xml:11:7-31
44        android:theme="@style/MyAppTheme"
44-->src/main/AndroidManifest.xml:12:7-40
45        android:usesCleartextTraffic="true" >
45-->src/main/AndroidManifest.xml:13:7-42
46        <meta-data
46-->src/main/AndroidManifest.xml:15:5-17:29
47            android:name="iap:api_version"
47-->src/main/AndroidManifest.xml:16:9-39
48            android:value="5" />
48-->src/main/AndroidManifest.xml:17:9-26
49        <meta-data
49-->src/main/AndroidManifest.xml:19:5-21:40
50            android:name="iap:view_option"
50-->src/main/AndroidManifest.xml:20:9-39
51            android:value="popup | full" />
51-->src/main/AndroidManifest.xml:21:9-37
52
53        <!-- ACTIVITY -->
54        <activity
54-->src/main/AndroidManifest.xml:24:5-46:16
55            android:name="com.idevel.dongmyung.activity.MainActivity"
55-->src/main/AndroidManifest.xml:25:9-66
56            android:configChanges="locale|keyboard|keyboardHidden|orientation|uiMode|screenSize|fontScale|smallestScreenSize|screenLayout"
56-->src/main/AndroidManifest.xml:26:9-135
57            android:label="@string/app_name"
57-->src/main/AndroidManifest.xml:27:9-41
58            android:launchMode="singleTask"
58-->src/main/AndroidManifest.xml:28:9-40
59            android:screenOrientation="portrait"
59-->src/main/AndroidManifest.xml:29:9-45
60            android:windowSoftInputMode="adjustResize" >
60-->src/main/AndroidManifest.xml:30:9-51
61            <intent-filter>
61-->src/main/AndroidManifest.xml:31:7-34:23
62                <action android:name="android.intent.action.MAIN" />
62-->src/main/AndroidManifest.xml:32:9-61
62-->src/main/AndroidManifest.xml:32:17-58
63
64                <category android:name="android.intent.category.LAUNCHER" />
64-->src/main/AndroidManifest.xml:33:9-69
64-->src/main/AndroidManifest.xml:33:19-66
65            </intent-filter>
66            <intent-filter>
66-->src/main/AndroidManifest.xml:35:7-45:23
67                <action android:name="android.intent.action.VIEW" />
67-->src/main/AndroidManifest.xml:36:9-61
67-->src/main/AndroidManifest.xml:36:17-58
68
69                <category android:name="android.intent.category.DEFAULT" />
69-->src/main/AndroidManifest.xml:38:9-68
69-->src/main/AndroidManifest.xml:38:19-65
70                <category android:name="android.intent.category.BROWSABLE" />
70-->src/main/AndroidManifest.xml:39:9-70
70-->src/main/AndroidManifest.xml:39:19-67
71
72                <!-- scheme -->
73                <data
73-->src/main/AndroidManifest.xml:42:9-44:49
74                    android:host="show-app"
74-->src/main/AndroidManifest.xml:43:13-36
75                    android:scheme="idevel-dongmyung" />
75-->src/main/AndroidManifest.xml:44:13-46
76            </intent-filter>
77        </activity>
78        <activity
78-->src/main/AndroidManifest.xml:48:5-53:55
79            android:name="com.idevel.dongmyung.activity.PushPopupActivity"
79-->src/main/AndroidManifest.xml:49:9-71
80            android:excludeFromRecents="true"
80-->src/main/AndroidManifest.xml:50:9-42
81            android:screenOrientation="unspecified"
81-->src/main/AndroidManifest.xml:51:9-48
82            android:taskAffinity="com.medialog.umobi.pushPopup"
82-->src/main/AndroidManifest.xml:52:9-60
83            android:theme="@android:style/Theme.Dialog" />
83-->src/main/AndroidManifest.xml:53:9-52
84
85        <!-- DEV -->
86        <activity
86-->src/main/AndroidManifest.xml:56:5-58:55
87            android:name="com.idevel.dongmyung.activity.DevActivity"
87-->src/main/AndroidManifest.xml:57:9-65
88            android:theme="@style/Base.Theme.AppCompat" />
88-->src/main/AndroidManifest.xml:58:9-52
89
90        <!-- RECEIVER -->
91        <!-- Network change receiver -->
92        <meta-data
92-->src/main/AndroidManifest.xml:62:5-64:65
93            android:name="com.google.android.gms.version"
93-->src/main/AndroidManifest.xml:63:9-54
94            android:value="@integer/google_play_services_version" />
94-->src/main/AndroidManifest.xml:64:9-62
95
96        <!-- DataSaver change receiver -->
97        <receiver
97-->src/main/AndroidManifest.xml:67:5-71:52
98            android:name="com.idevel.dongmyung.broadcast.DataSaverChangeReceiver"
98-->src/main/AndroidManifest.xml:68:9-78
99            android:enabled="true"
99-->src/main/AndroidManifest.xml:69:9-31
100            android:exported="false"
100-->src/main/AndroidManifest.xml:70:9-33
101            android:label="DataSaverChange" />
101-->src/main/AndroidManifest.xml:71:9-40
102
103        <!-- Network Change receiver -->
104        <receiver android:name="com.idevel.dongmyung.broadcast.NetworkChangeReceiver" >
104-->src/main/AndroidManifest.xml:74:5-78:16
104-->src/main/AndroidManifest.xml:74:15-82
105            <intent-filter>
105-->src/main/AndroidManifest.xml:75:7-77:23
106                <action android:name="android.net.conn.BACKGROUND_DATA_SETTING_CHANGED" />
106-->src/main/AndroidManifest.xml:76:9-83
106-->src/main/AndroidManifest.xml:76:17-80
107            </intent-filter>
108        </receiver>
109
110        <!-- SERVICE -->
111        <service
111-->src/main/AndroidManifest.xml:81:5-88:15
112            android:name="com.idevel.dongmyung.fcm.FcmInstanceIDService"
112-->src/main/AndroidManifest.xml:82:9-69
113            android:enabled="true"
113-->src/main/AndroidManifest.xml:83:9-31
114            android:exported="true" >
114-->src/main/AndroidManifest.xml:84:9-32
115            <intent-filter>
115-->src/main/AndroidManifest.xml:85:7-87:23
116                <action android:name="com.google.firebase.INSTANCE_ID_EVENT" />
116-->src/main/AndroidManifest.xml:86:9-72
116-->src/main/AndroidManifest.xml:86:17-69
117            </intent-filter>
118        </service>
119        <service
119-->src/main/AndroidManifest.xml:90:5-96:15
120            android:name="com.idevel.dongmyung.fcm.FcmListenerService"
120-->src/main/AndroidManifest.xml:91:9-67
121            android:exported="false" >
121-->src/main/AndroidManifest.xml:92:9-33
122            <intent-filter>
122-->src/main/AndroidManifest.xml:93:7-95:23
123                <action android:name="com.google.firebase.MESSAGING_EVENT" />
123-->src/main/AndroidManifest.xml:94:9-70
123-->src/main/AndroidManifest.xml:94:17-67
124            </intent-filter>
125        </service>
126
127        <!-- <receiver -->
128        <!-- android:name=".fcm.GcmBroadcastReceiver" -->
129        <!-- android:permission="com.google.android.c2dm.permission.SEND" > -->
130        <!-- <intent-filter> -->
131        <!-- &lt;!&ndash; Receives the actual messages. &ndash;&gt; -->
132        <!-- <action android:name="com.google.android.c2dm.intent.RECEIVE" /> -->
133        <!-- <category android:name="com.google.android.gcm.demo.app" /> -->
134        <!-- </intent-filter> -->
135        <!-- </receiver> -->
136
137
138        <!--
139             FirebaseMessagingService performs security checks at runtime,
140             no need for explicit permissions despite exported="true"
141        -->
142        <service
142-->[com.google.firebase:firebase-messaging:15.0.0] AndroidManifest.xml:28:9-34:19
143            android:name="com.google.firebase.messaging.FirebaseMessagingService"
143-->[com.google.firebase:firebase-messaging:15.0.0] AndroidManifest.xml:29:13-82
144            android:exported="true" >
144-->[com.google.firebase:firebase-messaging:15.0.0] AndroidManifest.xml:30:13-36
145            <intent-filter android:priority="-500" >
145-->src/main/AndroidManifest.xml:93:7-95:23
146                <action android:name="com.google.firebase.MESSAGING_EVENT" />
146-->src/main/AndroidManifest.xml:94:9-70
146-->src/main/AndroidManifest.xml:94:17-67
147            </intent-filter>
148        </service>
149
150        <receiver
150-->[com.google.firebase:firebase-analytics-impl:15.0.0] AndroidManifest.xml:29:9-33:20
151            android:name="com.google.android.gms.measurement.AppMeasurementReceiver"
151-->[com.google.firebase:firebase-analytics-impl:15.0.0] AndroidManifest.xml:30:13-85
152            android:enabled="true"
152-->[com.google.firebase:firebase-analytics-impl:15.0.0] AndroidManifest.xml:31:13-35
153            android:exported="false" >
153-->[com.google.firebase:firebase-analytics-impl:15.0.0] AndroidManifest.xml:32:13-37
154        </receiver>
155
156        <service
156-->[com.google.firebase:firebase-analytics-impl:15.0.0] AndroidManifest.xml:35:9-38:40
157            android:name="com.google.android.gms.measurement.AppMeasurementService"
157-->[com.google.firebase:firebase-analytics-impl:15.0.0] AndroidManifest.xml:36:13-84
158            android:enabled="true"
158-->[com.google.firebase:firebase-analytics-impl:15.0.0] AndroidManifest.xml:37:13-35
159            android:exported="false" />
159-->[com.google.firebase:firebase-analytics-impl:15.0.0] AndroidManifest.xml:38:13-37
160
161        <receiver
161-->[com.google.firebase:firebase-iid:15.0.0] AndroidManifest.xml:35:9-44:20
162            android:name="com.google.firebase.iid.FirebaseInstanceIdReceiver"
162-->[com.google.firebase:firebase-iid:15.0.0] AndroidManifest.xml:36:13-78
163            android:exported="true"
163-->[com.google.firebase:firebase-iid:15.0.0] AndroidManifest.xml:37:13-36
164            android:permission="com.google.android.c2dm.permission.SEND" >
164-->[com.google.firebase:firebase-iid:15.0.0] AndroidManifest.xml:38:13-73
165            <intent-filter>
165-->[com.google.firebase:firebase-iid:15.0.0] AndroidManifest.xml:39:13-43:29
166                <action android:name="com.google.android.c2dm.intent.RECEIVE" />
166-->[com.google.firebase:firebase-iid:15.0.0] AndroidManifest.xml:40:17-81
166-->[com.google.firebase:firebase-iid:15.0.0] AndroidManifest.xml:40:25-78
167
168                <category android:name="com.idevel.dongmyung" />
168-->[com.google.firebase:firebase-iid:15.0.0] AndroidManifest.xml:42:17-61
168-->[com.google.firebase:firebase-iid:15.0.0] AndroidManifest.xml:42:27-58
169            </intent-filter>
170        </receiver>
171        <!--
172             FirebaseInstanceIdService performs security checks at runtime,
173             no need for explicit permissions despite exported="true"
174        -->
175        <service
175-->[com.google.firebase:firebase-iid:15.0.0] AndroidManifest.xml:50:9-56:19
176            android:name="com.google.firebase.iid.FirebaseInstanceIdService"
176-->[com.google.firebase:firebase-iid:15.0.0] AndroidManifest.xml:51:13-77
177            android:exported="true" >
177-->[com.google.firebase:firebase-iid:15.0.0] AndroidManifest.xml:52:13-36
178            <intent-filter android:priority="-500" >
178-->src/main/AndroidManifest.xml:85:7-87:23
179                <action android:name="com.google.firebase.INSTANCE_ID_EVENT" />
179-->src/main/AndroidManifest.xml:86:9-72
179-->src/main/AndroidManifest.xml:86:17-69
180            </intent-filter>
181        </service>
182
183        <provider
183-->[com.google.firebase:firebase-common:15.0.1] AndroidManifest.xml:8:9-12:39
184            android:name="com.google.firebase.provider.FirebaseInitProvider"
184-->[com.google.firebase:firebase-common:15.0.1] AndroidManifest.xml:9:13-77
185            android:authorities="com.idevel.dongmyung.firebaseinitprovider"
185-->[com.google.firebase:firebase-common:15.0.1] AndroidManifest.xml:10:13-72
186            android:exported="false"
186-->[com.google.firebase:firebase-common:15.0.1] AndroidManifest.xml:11:13-37
187            android:initOrder="100" />
187-->[com.google.firebase:firebase-common:15.0.1] AndroidManifest.xml:12:13-36
188
189        <activity
189-->[com.google.android.gms:play-services-base:15.0.1] AndroidManifest.xml:23:9-26:75
190            android:name="com.google.android.gms.common.api.GoogleApiActivity"
190-->[com.google.android.gms:play-services-base:15.0.1] AndroidManifest.xml:24:13-79
191            android:exported="false"
191-->[com.google.android.gms:play-services-base:15.0.1] AndroidManifest.xml:25:13-37
192            android:theme="@android:style/Theme.Translucent.NoTitleBar" />
192-->[com.google.android.gms:play-services-base:15.0.1] AndroidManifest.xml:26:13-72
193    </application>
194
195</manifest>